Using pre-set license
Built from '2020.3/staging' branch; Version is '2020.3.25f1 (9b9180224418) revision 10195328'; Using compiler version '192528614'; Build Type 'Release'
OS: 'Windows 10  (10.0.19042) 64bit Professional' Language: 'pl' Physical Memory: 16324 MB
BatchMode: 1, IsHumanControllingUs: 0, StartBugReporterOnCrash: 0, Is64bit: 1, IsPro: 0

COMMAND LINE ARGUMENTS:
D:\2020.3.25f1\Editor\Unity.exe
-adb2
-batchMode
-noUpm
-name
AssetImportWorker0
-projectPath
C:/Users/Piotr/Desktop/ZADANIE REKRUTACYJNE CHERRYPICk/Zadanko-Rekrutacyjne-Cherrypick/Flappy Bird zadanie rekrutacyjne
-logFile
Logs/AssetImportWorker0.log
-srvPort
52236
Successfully changed project path to: C:/Users/Piotr/Desktop/ZADANIE REKRUTACYJNE CHERRYPICk/Zadanko-Rekrutacyjne-Cherrypick/Flappy Bird zadanie rekrutacyjne
C:/Users/Piotr/Desktop/ZADANIE REKRUTACYJNE CHERRYPICk/Zadanko-Rekrutacyjne-Cherrypick/Flappy Bird zadanie rekrutacyjne
Using Asset Import Pipeline V2.
Refreshing native plugins compatible for Editor in 105.84 ms, found 3 plugins.
Preloading 0 native plugins for Editor in 0.00 ms.
Initialize engine version: 2020.3.25f1 (9b9180224418)
[Subsystems] Discovering subsystems at path D:/2020.3.25f1/Editor/Data/Resources/UnitySubsystems
[Subsystems] Discovering subsystems at path C:/Users/Piotr/Desktop/ZADANIE REKRUTACYJNE CHERRYPICk/Zadanko-Rekrutacyjne-Cherrypick/Flappy Bird zadanie rekrutacyjne/Assets
GfxDevice: creating device client; threaded=0
Direct3D:
    Version:  Direct3D 11.0 [level 11.1]
    Renderer: NVIDIA GeForce GTX 1050 Ti (ID=0x1c82)
    Vendor:   
    VRAM:     4018 MB
    Driver:   27.21.14.6089
Initialize mono
Mono path[0] = 'D:/2020.3.25f1/Editor/Data/Managed'
Mono path[1] = 'D:/2020.3.25f1/Editor/Data/MonoBleedingEdge/lib/mono/unityjit'
Mono config path = 'D:/2020.3.25f1/Editor/Data/MonoBleedingEdge/etc'
Using monoOptions --debugger-agent=transport=dt_socket,embedding=1,server=y,suspend=n,address=127.0.0.1:56592
Begin MonoManager ReloadAssembly
Registering precompiled unity dll's ...
Register platform support module: D:/2020.3.25f1/Editor/Data/PlaybackEngines/WindowsStandaloneSupport/UnityEditor.WindowsStandalone.Extensions.dll
Registered in 0.002100 seconds.
Native extension for WindowsStandalone target not found
Refreshing native plugins compatible for Editor in 92.79 ms, found 3 plugins.
Preloading 0 native plugins for Editor in 0.00 ms.
Mono: successfully reloaded assembly
- Completed reload, in  1.193 seconds
Domain Reload Profiling:
	ReloadAssembly (1194ms)
		BeginReloadAssembly (97ms)
			ExecutionOrderSort (0ms)
			DisableScriptedObjects (0ms)
			BackupInstance (0ms)
			ReleaseScriptingObjects (0ms)
			CreateAndSetChildDomain (2ms)
		EndReloadAssembly (957ms)
			LoadAssemblies (95ms)
			RebuildTransferFunctionScriptingTraits (0ms)
			SetupTypeCache (332ms)
			ReleaseScriptCaches (0ms)
			RebuildScriptCaches (62ms)
			SetupLoadedEditorAssemblies (369ms)
				LogAssemblyErrors (0ms)
				InitializePlatformSupportModulesInManaged (7ms)
				SetLoadedEditorAssemblies (0ms)
				RefreshPlugins (93ms)
				BeforeProcessingInitializeOnLoad (29ms)
				ProcessInitializeOnLoadAttributes (167ms)
				ProcessInitializeOnLoadMethodAttributes (71ms)
				AfterProcessingInitializeOnLoad (0ms)
				EditorAssembliesLoaded (0ms)
			ExecutionOrderSort2 (0ms)
			AwakeInstancesAfterBackupRestoration (0ms)
Platform modules already initialized, skipping
Registering precompiled user dll's ...
Registered in 0.285008 seconds.
Begin MonoManager ReloadAssembly
Native extension for WindowsStandalone target not found
Refreshing native plugins compatible for Editor in 141.92 ms, found 3 plugins.
Preloading 0 native plugins for Editor in 0.00 ms.
Mono: successfully reloaded assembly
- Completed reload, in  3.537 seconds
Domain Reload Profiling:
	ReloadAssembly (3539ms)
		BeginReloadAssembly (322ms)
			ExecutionOrderSort (0ms)
			DisableScriptedObjects (13ms)
			BackupInstance (0ms)
			ReleaseScriptingObjects (0ms)
			CreateAndSetChildDomain (37ms)
		EndReloadAssembly (3051ms)
			LoadAssemblies (221ms)
			RebuildTransferFunctionScriptingTraits (0ms)
			SetupTypeCache (794ms)
			ReleaseScriptCaches (1ms)
			RebuildScriptCaches (466ms)
			SetupLoadedEditorAssemblies (972ms)
				LogAssemblyErrors (0ms)
				InitializePlatformSupportModulesInManaged (10ms)
				SetLoadedEditorAssemblies (1ms)
				RefreshPlugins (142ms)
				BeforeProcessingInitializeOnLoad (241ms)
				ProcessInitializeOnLoadAttributes (528ms)
				ProcessInitializeOnLoadMethodAttributes (45ms)
				AfterProcessingInitializeOnLoad (5ms)
				EditorAssembliesLoaded (0ms)
			ExecutionOrderSort2 (0ms)
			AwakeInstancesAfterBackupRestoration (17ms)
Platform modules already initialized, skipping
========================================================================
Worker process is ready to serve import requests
Launched and connected shader compiler UnityShaderCompiler.exe after 0.19 seconds
Refreshing native plugins compatible for Editor in 0.85 ms, found 3 plugins.
Preloading 0 native plugins for Editor in 0.00 ms.
Unloading 2194 Unused Serialized files (Serialized files now loaded: 0)
System memory in use before: 96.7 MB.
System memory in use after: 96.7 MB.

Unloading 28 unused Assets to reduce memory usage. Loaded Objects now: 2627.
Total: 6.194600 ms (FindLiveObjects: 0.376600 ms CreateObjectMapping: 0.139600 ms MarkObjects: 5.528700 ms  DeleteObjects: 0.148000 ms)

AssetImportParameters requested are different than current active one (requested -> active):
  custom:framework-win-MediaFoundation: 216162199b28c13a410421893ffa2e32 -> 
  custom:video-decoder-ogg-theora: a1e56fd34408186e4bbccfd4996cb3dc -> 
  custom:container-muxer-webm: aa71ff27fc2769a1b78a27578f13a17b -> 
  custom:container-demuxer-webm: 4f35f7cbe854078d1ac9338744f61a02 -> 
  custom:container-demuxer-ogg: 62fdf1f143b41e24485cea50d1cbac27 -> 
  custom:video-encoder-webm-vp8: eb34c28f22e8b96e1ab97ce403110664 -> 
  custom:video-decoder-webm-vp8: 9c59270c3fd7afecdb556c50c9e8de78 -> 
  custom:audio-decoder-ogg-vorbis: bf7c407c2cedff20999df2af8eb42d56 -> 
  custom:audio-encoder-webm-vorbis: bf7c407c2cedff20999df2af8eb42d56 -> 
========================================================================
Received Import Request.
  path: Assets/flappy-bird-assets-master/sprites/pipe-red.png
  artifactKey: Guid(71f1c329f33814245bd1858c8dbf3999) Importer(815301076,1909f56bfc062723c751e8b465ee728b)
Start importing Assets/flappy-bird-assets-master/sprites/pipe-red.png using Guid(71f1c329f33814245bd1858c8dbf3999) Importer(815301076,1909f56bfc062723c751e8b465ee728b)  -> (artifact id: '49dbab914c227ad12c523d6dfb5d3fad') in 0.892820 seconds 
  Import took 0.899764 seconds .

========================================================================
Received Import Request.
  Time since last request: 0.000831 seconds.
  path: Assets/flappy-bird-assets-master/sprites/background-day.png
  artifactKey: Guid(403c92a1a981636499770eef6506f5ba) Importer(815301076,1909f56bfc062723c751e8b465ee728b)
Start importing Assets/flappy-bird-assets-master/sprites/background-day.png using Guid(403c92a1a981636499770eef6506f5ba) Importer(815301076,1909f56bfc062723c751e8b465ee728b)  -> (artifact id: '7fe193108d9debfa26a10b474b1b165d') in 0.037423 seconds 
  Import took 0.043840 seconds .

========================================================================
Received Import Request.
  Time since last request: 0.000686 seconds.
  path: Assets/flappy-bird-assets-master/sprites/gameover.png
  artifactKey: Guid(f60a04bc18a20144a80ad6de36317fad) Importer(815301076,1909f56bfc062723c751e8b465ee728b)
Start importing Assets/flappy-bird-assets-master/sprites/gameover.png using Guid(f60a04bc18a20144a80ad6de36317fad) Importer(815301076,1909f56bfc062723c751e8b465ee728b)  -> (artifact id: 'db8affe1f6526b88f487bb12721e5124') in 0.030313 seconds 
  Import took 0.036400 seconds .

========================================================================
Received Import Request.
  Time since last request: 0.000594 seconds.
  path: Assets/flappy-bird-assets-master/sprites/1.png
  artifactKey: Guid(ffa2480b955d2b14799214f512923bc9) Importer(815301076,1909f56bfc062723c751e8b465ee728b)
Start importing Assets/flappy-bird-assets-master/sprites/1.png using Guid(ffa2480b955d2b14799214f512923bc9) Importer(815301076,1909f56bfc062723c751e8b465ee728b)  -> (artifact id: 'e59735d38287f54a893142f8f2f31a3c') in 0.032303 seconds 
  Import took 0.038358 seconds .

========================================================================
Received Import Request.
  Time since last request: 0.000544 seconds.
  path: Assets/flappy-bird-assets-master/sprites/yellowbird-downflap.png
  artifactKey: Guid(22521e39a1cc33f4193a704bbce87fde) Importer(815301076,1909f56bfc062723c751e8b465ee728b)
Start importing Assets/flappy-bird-assets-master/sprites/yellowbird-downflap.png using Guid(22521e39a1cc33f4193a704bbce87fde) Importer(815301076,1909f56bfc062723c751e8b465ee728b)  -> (artifact id: '939f468d091e7ee56fbf4a095a23eef6') in 0.026605 seconds 
  Import took 0.032724 seconds .

========================================================================
Received Import Request.
  Time since last request: 0.000681 seconds.
  path: Assets/flappy-bird-assets-master/sprites/redbird-midflap.png
  artifactKey: Guid(ab2cc63dea6066f4ea6ffb97da073733) Importer(815301076,1909f56bfc062723c751e8b465ee728b)
Start importing Assets/flappy-bird-assets-master/sprites/redbird-midflap.png using Guid(ab2cc63dea6066f4ea6ffb97da073733) Importer(815301076,1909f56bfc062723c751e8b465ee728b)  -> (artifact id: 'bdce522cff103281b15bf344e0784acb') in 0.028010 seconds 
  Import took 0.035843 seconds .

========================================================================
Received Import Request.
  Time since last request: 0.000716 seconds.
  path: Assets/flappy-bird-assets-master/sprites/yellowbird-midflap.png
  artifactKey: Guid(4fd6f41229bfc7649a8a48d076911313) Importer(815301076,1909f56bfc062723c751e8b465ee728b)
Start importing Assets/flappy-bird-assets-master/sprites/yellowbird-midflap.png using Guid(4fd6f41229bfc7649a8a48d076911313) Importer(815301076,1909f56bfc062723c751e8b465ee728b)  -> (artifact id: '2375683ec25779584ad969b95e652b4a') in 0.031044 seconds 
  Import took 0.038593 seconds .

========================================================================
Received Import Request.
  Time since last request: 0.000506 seconds.
  path: Assets/flappy-bird-assets-master/sprites/3.png
  artifactKey: Guid(3e9f9768f9c1ec44880746c9b0547be3) Importer(815301076,1909f56bfc062723c751e8b465ee728b)
Start importing Assets/flappy-bird-assets-master/sprites/3.png using Guid(3e9f9768f9c1ec44880746c9b0547be3) Importer(815301076,1909f56bfc062723c751e8b465ee728b)  -> (artifact id: 'c081ea03557219fce63c5b7d3e2fe6e5') in 0.061180 seconds 
  Import took 0.069259 seconds .

========================================================================
Received Import Request.
  Time since last request: 0.000676 seconds.
  path: Assets/flappy-bird-assets-master/sprites/4.png
  artifactKey: Guid(eca10895e7484a440b40848d30298809) Importer(815301076,1909f56bfc062723c751e8b465ee728b)
Start importing Assets/flappy-bird-assets-master/sprites/4.png using Guid(eca10895e7484a440b40848d30298809) Importer(815301076,1909f56bfc062723c751e8b465ee728b)  -> (artifact id: '3bec93503aeaa10056b2d23baf72cfc6') in 0.052253 seconds 
  Import took 0.069618 seconds .

========================================================================
Received Import Request.
  Time since last request: 0.000586 seconds.
  path: Assets/flappy-bird-assets-master/sprites/base.png
  artifactKey: Guid(5a6a4b1cf57526a4ebf1b39950e2baf0) Importer(815301076,1909f56bfc062723c751e8b465ee728b)
Start importing Assets/flappy-bird-assets-master/sprites/base.png using Guid(5a6a4b1cf57526a4ebf1b39950e2baf0) Importer(815301076,1909f56bfc062723c751e8b465ee728b)  -> (artifact id: 'f272e0d87d65bc72f55a4edb68d9bd3b') in 0.079396 seconds 
  Import took 0.089754 seconds .

========================================================================
Received Import Request.
  Time since last request: 0.000641 seconds.
  path: Assets/flappy-bird-assets-master/sprites/message.png
  artifactKey: Guid(ef9f81e1c235c5746b6206a46ce89920) Importer(815301076,1909f56bfc062723c751e8b465ee728b)
Start importing Assets/flappy-bird-assets-master/sprites/message.png using Guid(ef9f81e1c235c5746b6206a46ce89920) Importer(815301076,1909f56bfc062723c751e8b465ee728b)  -> (artifact id: '11ee6a6bea81eba4312d34d26dca0a26') in 0.048225 seconds 
  Import took 0.054230 seconds .

========================================================================
Received Import Request.
  Time since last request: 0.000624 seconds.
  path: Assets/flappy-bird-assets-master/sprites/9.png
  artifactKey: Guid(90df6d465e7db734db3eba8a64b05e32) Importer(815301076,1909f56bfc062723c751e8b465ee728b)
Start importing Assets/flappy-bird-assets-master/sprites/9.png using Guid(90df6d465e7db734db3eba8a64b05e32) Importer(815301076,1909f56bfc062723c751e8b465ee728b)  -> (artifact id: '53209aac3952556c9cb92c67dda3f8fb') in 0.034778 seconds 
  Import took 0.041121 seconds .

========================================================================
Received Import Request.
  Time since last request: 0.000608 seconds.
  path: Assets/flappy-bird-assets-master
  artifactKey: Guid(3ff61636a1895de41b15be3d80d1f2f2) Importer(815301076,1909f56bfc062723c751e8b465ee728b)
Start importing Assets/flappy-bird-assets-master using Guid(3ff61636a1895de41b15be3d80d1f2f2) Importer(815301076,1909f56bfc062723c751e8b465ee728b)  -> (artifact id: '9f25b59c7bdd2bcb5ff76fc6ee595bfc') in 0.015454 seconds 
  Import took 0.020987 seconds .

========================================================================
Received Import Request.
  Time since last request: 0.000609 seconds.
  path: Assets/flappy-bird-assets-master/sprites/0.png
  artifactKey: Guid(9e689d9865361f8418c1c4a4128dbbef) Importer(815301076,1909f56bfc062723c751e8b465ee728b)
Start importing Assets/flappy-bird-assets-master/sprites/0.png using Guid(9e689d9865361f8418c1c4a4128dbbef) Importer(815301076,1909f56bfc062723c751e8b465ee728b)  -> (artifact id: '17ae8cb30e48d76b77c62239ed83dcaf') in 0.035372 seconds 
  Import took 0.042840 seconds .

========================================================================
Received Import Request.
  Time since last request: 0.000596 seconds.
  path: Assets/flappy-bird-assets-master/screenshot.png
  artifactKey: Guid(a4c0a2d9df39eec4abd751a5f8f48c77) Importer(815301076,1909f56bfc062723c751e8b465ee728b)
Start importing Assets/flappy-bird-assets-master/screenshot.png using Guid(a4c0a2d9df39eec4abd751a5f8f48c77) Importer(815301076,1909f56bfc062723c751e8b465ee728b)  -> (artifact id: 'f1c17ec714e0c86ff7cf08d7b4906c5d') in 0.046375 seconds 
  Import took 0.052416 seconds .

========================================================================
Received Import Request.
  Time since last request: 0.000655 seconds.
  path: Assets/flappy-bird-assets-master/sprites/bluebird-midflap.png
  artifactKey: Guid(5832e8c1c797ca34ea368f1ba4f21c6d) Importer(815301076,1909f56bfc062723c751e8b465ee728b)
Start importing Assets/flappy-bird-assets-master/sprites/bluebird-midflap.png using Guid(5832e8c1c797ca34ea368f1ba4f21c6d) Importer(815301076,1909f56bfc062723c751e8b465ee728b)  -> (artifact id: '7b479620215b33ed2102f7cabb702240') in 0.035306 seconds 
  Import took 0.040983 seconds .

========================================================================
Received Import Request.
  Time since last request: 0.000535 seconds.
  path: Assets/flappy-bird-assets-master/sprites/background-night.png
  artifactKey: Guid(b5825de7ccd76fe4180fc97433654017) Importer(815301076,1909f56bfc062723c751e8b465ee728b)
Start importing Assets/flappy-bird-assets-master/sprites/background-night.png using Guid(b5825de7ccd76fe4180fc97433654017) Importer(815301076,1909f56bfc062723c751e8b465ee728b)  -> (artifact id: 'aa19b495ceabf9f3abd7ab21c7041a8f') in 0.054557 seconds 
  Import took 0.061131 seconds .

========================================================================
Received Import Request.
  Time since last request: 0.000825 seconds.
  path: Assets/flappy-bird-assets-master/sprites/pipe-green.png
  artifactKey: Guid(f675370990935c34b9c94b94d1f3dc40) Importer(815301076,1909f56bfc062723c751e8b465ee728b)
Start importing Assets/flappy-bird-assets-master/sprites/pipe-green.png using Guid(f675370990935c34b9c94b94d1f3dc40) Importer(815301076,1909f56bfc062723c751e8b465ee728b)  -> (artifact id: '7e84fc4f69ba6adde47437fd483f1f39') in 0.058354 seconds 
  Import took 0.067446 seconds .

========================================================================
Received Import Request.
  Time since last request: 0.000607 seconds.
  path: Assets/flappy-bird-assets-master/sprites/bluebird-upflap.png
  artifactKey: Guid(56589aa08455dda42a8ead8defb542e8) Importer(815301076,1909f56bfc062723c751e8b465ee728b)
Start importing Assets/flappy-bird-assets-master/sprites/bluebird-upflap.png using Guid(56589aa08455dda42a8ead8defb542e8) Importer(815301076,1909f56bfc062723c751e8b465ee728b)  -> (artifact id: '9bf2ff83c1a703f2e23d39983e129fe8') in 0.050309 seconds 
  Import took 0.058532 seconds .

========================================================================
Received Import Request.
  Time since last request: 0.000778 seconds.
  path: Assets/flappy-bird-assets-master/sprites/2.png
  artifactKey: Guid(e2c341e2568ca3d46b118520a77355d6) Importer(815301076,1909f56bfc062723c751e8b465ee728b)
Start importing Assets/flappy-bird-assets-master/sprites/2.png using Guid(e2c341e2568ca3d46b118520a77355d6) Importer(815301076,1909f56bfc062723c751e8b465ee728b)  -> (artifact id: '1808469bfc88960983e1f448343a03cc') in 0.043573 seconds 
  Import took 0.052332 seconds .

========================================================================
Received Import Request.
  Time since last request: 0.000714 seconds.
  path: Assets/flappy-bird-assets-master/sprites/yellowbird-upflap.png
  artifactKey: Guid(18758213ee02b334eb162be362c630c3) Importer(815301076,1909f56bfc062723c751e8b465ee728b)
Start importing Assets/flappy-bird-assets-master/sprites/yellowbird-upflap.png using Guid(18758213ee02b334eb162be362c630c3) Importer(815301076,1909f56bfc062723c751e8b465ee728b)  -> (artifact id: 'c39d366117e893d8590492b570dbba83') in 0.044831 seconds 
  Import took 0.051664 seconds .

========================================================================
Received Import Request.
  Time since last request: 0.000678 seconds.
  path: Assets/flappy-bird-assets-master/sprites/redbird-upflap.png
  artifactKey: Guid(9d6af9115f4177d41a8b1cc1c8ad20ce) Importer(815301076,1909f56bfc062723c751e8b465ee728b)
Start importing Assets/flappy-bird-assets-master/sprites/redbird-upflap.png using Guid(9d6af9115f4177d41a8b1cc1c8ad20ce) Importer(815301076,1909f56bfc062723c751e8b465ee728b)  -> (artifact id: '14dcbc7b109b1bba7f9014e3ebca82f3') in 0.059396 seconds 
  Import took 0.065728 seconds .

========================================================================
Received Import Request.
  Time since last request: 0.000699 seconds.
  path: Assets/flappy-bird-assets-master/sprites/redbird-downflap.png
  artifactKey: Guid(4ec91ef48250f4c46b87de2e63d0b250) Importer(815301076,1909f56bfc062723c751e8b465ee728b)
Start importing Assets/flappy-bird-assets-master/sprites/redbird-downflap.png using Guid(4ec91ef48250f4c46b87de2e63d0b250) Importer(815301076,1909f56bfc062723c751e8b465ee728b)  -> (artifact id: '5bc71458a8d9dd2bcbab242841c67af9') in 0.068525 seconds 
  Import took 0.081086 seconds .

========================================================================
Received Import Request.
  Time since last request: 0.001158 seconds.
  path: Assets/flappy-bird-assets-master/sprites/8.png
  artifactKey: Guid(33ce0f22aec0b6f44b94d70769b5d790) Importer(815301076,1909f56bfc062723c751e8b465ee728b)
Start importing Assets/flappy-bird-assets-master/sprites/8.png using Guid(33ce0f22aec0b6f44b94d70769b5d790) Importer(815301076,1909f56bfc062723c751e8b465ee728b)  -> (artifact id: 'dcf5ed0eb59896b2e80e21f202f5fb43') in 0.069636 seconds 
  Import took 0.080987 seconds .

========================================================================
Received Import Request.
  Time since last request: 0.000689 seconds.
  path: Assets/flappy-bird-assets-master/sprites
  artifactKey: Guid(2cf42c0a216adca47b70124a863bf9e0) Importer(815301076,1909f56bfc062723c751e8b465ee728b)
Start importing Assets/flappy-bird-assets-master/sprites using Guid(2cf42c0a216adca47b70124a863bf9e0) Importer(815301076,1909f56bfc062723c751e8b465ee728b)  -> (artifact id: 'c08671fee0d1439b6e66ec55a5bb5b35') in 0.025584 seconds 
  Import took 0.034729 seconds .

========================================================================
Received Import Request.
  Time since last request: 0.000690 seconds.
  path: Assets/flappy-bird-assets-master/sprites/7.png
  artifactKey: Guid(0dea7d66e2f373d43ac791eb9432bf28) Importer(815301076,1909f56bfc062723c751e8b465ee728b)
Start importing Assets/flappy-bird-assets-master/sprites/7.png using Guid(0dea7d66e2f373d43ac791eb9432bf28) Importer(815301076,1909f56bfc062723c751e8b465ee728b)  -> (artifact id: '321ed1da35eed3d373e9da1651716d38') in 0.057823 seconds 
  Import took 0.066099 seconds .

========================================================================
Received Import Request.
  Time since last request: 0.000597 seconds.
  path: Assets/flappy-bird-assets-master/sprites/bluebird-downflap.png
  artifactKey: Guid(57be70afbcffa5445a3a82714d38c0e7) Importer(815301076,1909f56bfc062723c751e8b465ee728b)
Start importing Assets/flappy-bird-assets-master/sprites/bluebird-downflap.png using Guid(57be70afbcffa5445a3a82714d38c0e7) Importer(815301076,1909f56bfc062723c751e8b465ee728b)  -> (artifact id: '5e636958884cb943f364e2a4e2060073') in 0.054916 seconds 
  Import took 0.061575 seconds .

========================================================================
Received Import Request.
  Time since last request: 0.000691 seconds.
  path: Assets/flappy-bird-assets-master/sprites/6.png
  artifactKey: Guid(7a5562a9e01bce34d8f925cf0eee8a91) Importer(815301076,1909f56bfc062723c751e8b465ee728b)
Start importing Assets/flappy-bird-assets-master/sprites/6.png using Guid(7a5562a9e01bce34d8f925cf0eee8a91) Importer(815301076,1909f56bfc062723c751e8b465ee728b)  -> (artifact id: '2a62f16cbe60e56cc27e878401c014fb') in 0.059901 seconds 
  Import took 0.066600 seconds .

========================================================================
Received Import Request.
  Time since last request: 0.000701 seconds.
  path: Assets/flappy-bird-assets-master/sprites/5.png
  artifactKey: Guid(85b6ea954696a7f419f3074b1ace8095) Importer(815301076,1909f56bfc062723c751e8b465ee728b)
Start importing Assets/flappy-bird-assets-master/sprites/5.png using Guid(85b6ea954696a7f419f3074b1ace8095) Importer(815301076,1909f56bfc062723c751e8b465ee728b)  -> (artifact id: '57dd3bf47e79cdfd5cdc362ede60fdb6') in 0.052585 seconds 
  Import took 0.064160 seconds .

========================================================================
Received Import Request.
  Time since last request: 14.817588 seconds.
  path: Assets/flappy-bird-assets-master/sprites/0.png
  artifactKey: Guid(9e689d9865361f8418c1c4a4128dbbef) Importer(815301076,1909f56bfc062723c751e8b465ee728b)
Start importing Assets/flappy-bird-assets-master/sprites/0.png using Guid(9e689d9865361f8418c1c4a4128dbbef) Importer(815301076,1909f56bfc062723c751e8b465ee728b)  -> (artifact id: '0f8f69515b3b983173e68c4abee8615a') in 0.047655 seconds 
  Import took 0.061496 seconds .

========================================================================
Received Import Request.
  Time since last request: 0.001507 seconds.
  path: Assets/flappy-bird-assets-master/sprites/pipe-red.png
  artifactKey: Guid(71f1c329f33814245bd1858c8dbf3999) Importer(815301076,1909f56bfc062723c751e8b465ee728b)
Start importing Assets/flappy-bird-assets-master/sprites/pipe-red.png using Guid(71f1c329f33814245bd1858c8dbf3999) Importer(815301076,1909f56bfc062723c751e8b465ee728b)  -> (artifact id: '3595b83716bb18d4d2035f6fd7a1f187') in 0.077060 seconds 
  Import took 0.091937 seconds .

========================================================================
Received Import Request.
  Time since last request: 0.000949 seconds.
  path: Assets/flappy-bird-assets-master/sprites/background-day.png
  artifactKey: Guid(403c92a1a981636499770eef6506f5ba) Importer(815301076,1909f56bfc062723c751e8b465ee728b)
Start importing Assets/flappy-bird-assets-master/sprites/background-day.png using Guid(403c92a1a981636499770eef6506f5ba) Importer(815301076,1909f56bfc062723c751e8b465ee728b)  -> (artifact id: 'edec7f90ba63240e800dde8f79a14ada') in 0.157938 seconds 
  Import took 0.174891 seconds .

========================================================================
Received Import Request.
  Time since last request: 0.001757 seconds.
  path: Assets/flappy-bird-assets-master/sprites/gameover.png
  artifactKey: Guid(f60a04bc18a20144a80ad6de36317fad) Importer(815301076,1909f56bfc062723c751e8b465ee728b)
Start importing Assets/flappy-bird-assets-master/sprites/gameover.png using Guid(f60a04bc18a20144a80ad6de36317fad) Importer(815301076,1909f56bfc062723c751e8b465ee728b)  -> (artifact id: '7154f180c436973bb5e8e11de7047344') in 0.050930 seconds 
  Import took 0.066555 seconds .

========================================================================
Received Import Request.
  Time since last request: 0.000802 seconds.
  path: Assets/flappy-bird-assets-master/sprites/1.png
  artifactKey: Guid(ffa2480b955d2b14799214f512923bc9) Importer(815301076,1909f56bfc062723c751e8b465ee728b)
Start importing Assets/flappy-bird-assets-master/sprites/1.png using Guid(ffa2480b955d2b14799214f512923bc9) Importer(815301076,1909f56bfc062723c751e8b465ee728b)  -> (artifact id: '64b5339bd4844d86470b05bbf8a2ae5e') in 0.096518 seconds 
  Import took 0.118945 seconds .

========================================================================
Received Import Request.
  Time since last request: 0.002164 seconds.
  path: Assets/flappy-bird-assets-master/sprites/yellowbird-downflap.png
  artifactKey: Guid(22521e39a1cc33f4193a704bbce87fde) Importer(815301076,1909f56bfc062723c751e8b465ee728b)
Start importing Assets/flappy-bird-assets-master/sprites/yellowbird-downflap.png using Guid(22521e39a1cc33f4193a704bbce87fde) Importer(815301076,1909f56bfc062723c751e8b465ee728b)  -> (artifact id: '9e7c14b5931fd3d9bcff47f464882d4c') in 0.095995 seconds 
  Import took 0.124123 seconds .

========================================================================
Received Import Request.
  Time since last request: 0.000779 seconds.
  path: Assets/flappy-bird-assets-master/sprites/redbird-midflap.png
  artifactKey: Guid(ab2cc63dea6066f4ea6ffb97da073733) Importer(815301076,1909f56bfc062723c751e8b465ee728b)
Start importing Assets/flappy-bird-assets-master/sprites/redbird-midflap.png using Guid(ab2cc63dea6066f4ea6ffb97da073733) Importer(815301076,1909f56bfc062723c751e8b465ee728b)  -> (artifact id: '6da856c92f7b8d6a06bc8fe2a5a6ac3f') in 0.055015 seconds 
  Import took 0.075653 seconds .

========================================================================
Received Import Request.
  Time since last request: 0.001181 seconds.
  path: Assets/flappy-bird-assets-master/sprites/yellowbird-midflap.png
  artifactKey: Guid(4fd6f41229bfc7649a8a48d076911313) Importer(815301076,1909f56bfc062723c751e8b465ee728b)
Start importing Assets/flappy-bird-assets-master/sprites/yellowbird-midflap.png using Guid(4fd6f41229bfc7649a8a48d076911313) Importer(815301076,1909f56bfc062723c751e8b465ee728b)  -> (artifact id: 'fc3f52b592087b37817ca4e735a02f93') in 0.085239 seconds 
  Import took 0.114933 seconds .

========================================================================
Received Import Request.
  Time since last request: 0.000691 seconds.
  path: Assets/flappy-bird-assets-master/sprites/3.png
  artifactKey: Guid(3e9f9768f9c1ec44880746c9b0547be3) Importer(815301076,1909f56bfc062723c751e8b465ee728b)
Start importing Assets/flappy-bird-assets-master/sprites/3.png using Guid(3e9f9768f9c1ec44880746c9b0547be3) Importer(815301076,1909f56bfc062723c751e8b465ee728b)  -> (artifact id: 'dbb48491c8373992551561328a6131ba') in 0.039808 seconds 
  Import took 0.046569 seconds .

========================================================================
Received Import Request.
  Time since last request: 0.000545 seconds.
  path: Assets/flappy-bird-assets-master/sprites/4.png
  artifactKey: Guid(eca10895e7484a440b40848d30298809) Importer(815301076,1909f56bfc062723c751e8b465ee728b)
Start importing Assets/flappy-bird-assets-master/sprites/4.png using Guid(eca10895e7484a440b40848d30298809) Importer(815301076,1909f56bfc062723c751e8b465ee728b)  -> (artifact id: '62388d88a6456584fd53b0b4579bb6fe') in 0.041915 seconds 
  Import took 0.058791 seconds .

========================================================================
Received Import Request.
  Time since last request: 0.004284 seconds.
  path: Assets/flappy-bird-assets-master/sprites/base.png
  artifactKey: Guid(5a6a4b1cf57526a4ebf1b39950e2baf0) Importer(815301076,1909f56bfc062723c751e8b465ee728b)
Start importing Assets/flappy-bird-assets-master/sprites/base.png using Guid(5a6a4b1cf57526a4ebf1b39950e2baf0) Importer(815301076,1909f56bfc062723c751e8b465ee728b)  -> (artifact id: 'b6d14b7e86be9ad0eae8d0ebd8b6f731') in 0.101517 seconds 
  Import took 0.133335 seconds .

========================================================================
Received Import Request.
  Time since last request: 0.001567 seconds.
  path: Assets/flappy-bird-assets-master/sprites/message.png
  artifactKey: Guid(ef9f81e1c235c5746b6206a46ce89920) Importer(815301076,1909f56bfc062723c751e8b465ee728b)
Start importing Assets/flappy-bird-assets-master/sprites/message.png using Guid(ef9f81e1c235c5746b6206a46ce89920) Importer(815301076,1909f56bfc062723c751e8b465ee728b)  -> (artifact id: '3e1bcfd7d313cf1aa9005b0be5b9ebc9') in 0.042197 seconds 
  Import took 0.050397 seconds .

========================================================================
Received Import Request.
  Time since last request: 0.000658 seconds.
  path: Assets/flappy-bird-assets-master/sprites/9.png
  artifactKey: Guid(90df6d465e7db734db3eba8a64b05e32) Importer(815301076,1909f56bfc062723c751e8b465ee728b)
Start importing Assets/flappy-bird-assets-master/sprites/9.png using Guid(90df6d465e7db734db3eba8a64b05e32) Importer(815301076,1909f56bfc062723c751e8b465ee728b)  -> (artifact id: '15f33bce3add750f18add3f6b4a85fd0') in 0.040397 seconds 
  Import took 0.050518 seconds .

========================================================================
Received Import Request.
  Time since last request: 0.000829 seconds.
  path: Assets/flappy-bird-assets-master/sprites/background-night.png
  artifactKey: Guid(b5825de7ccd76fe4180fc97433654017) Importer(815301076,1909f56bfc062723c751e8b465ee728b)
Start importing Assets/flappy-bird-assets-master/sprites/background-night.png using Guid(b5825de7ccd76fe4180fc97433654017) Importer(815301076,1909f56bfc062723c751e8b465ee728b)  -> (artifact id: '845523473155375e56414d71690189e0') in 0.080149 seconds 
  Import took 0.100594 seconds .

========================================================================
Received Import Request.
  Time since last request: 0.000968 seconds.
  path: Assets/flappy-bird-assets-master/sprites/bluebird-midflap.png
  artifactKey: Guid(5832e8c1c797ca34ea368f1ba4f21c6d) Importer(815301076,1909f56bfc062723c751e8b465ee728b)
Start importing Assets/flappy-bird-assets-master/sprites/bluebird-midflap.png using Guid(5832e8c1c797ca34ea368f1ba4f21c6d) Importer(815301076,1909f56bfc062723c751e8b465ee728b)  -> (artifact id: 'bd5e2a6629ea34271cbf590cf9d934a7') in 0.061012 seconds 
  Import took 0.073992 seconds .

========================================================================
Received Import Request.
  Time since last request: 0.000840 seconds.
  path: Assets/flappy-bird-assets-master/sprites/yellowbird-upflap.png
  artifactKey: Guid(18758213ee02b334eb162be362c630c3) Importer(815301076,1909f56bfc062723c751e8b465ee728b)
Start importing Assets/flappy-bird-assets-master/sprites/yellowbird-upflap.png using Guid(18758213ee02b334eb162be362c630c3) Importer(815301076,1909f56bfc062723c751e8b465ee728b)  -> (artifact id: 'c367689406c11f954bb952817da2844f') in 0.040380 seconds 
  Import took 0.047607 seconds .

========================================================================
Received Import Request.
  Time since last request: 0.000696 seconds.
  path: Assets/flappy-bird-assets-master/sprites/pipe-green.png
  artifactKey: Guid(f675370990935c34b9c94b94d1f3dc40) Importer(815301076,1909f56bfc062723c751e8b465ee728b)
Start importing Assets/flappy-bird-assets-master/sprites/pipe-green.png using Guid(f675370990935c34b9c94b94d1f3dc40) Importer(815301076,1909f56bfc062723c751e8b465ee728b)  -> (artifact id: '8dc9a5e538df9a1de654158a972cfa92') in 0.068491 seconds 
  Import took 0.087435 seconds .

========================================================================
Received Import Request.
  Time since last request: 0.001823 seconds.
  path: Assets/flappy-bird-assets-master/sprites/bluebird-upflap.png
  artifactKey: Guid(56589aa08455dda42a8ead8defb542e8) Importer(815301076,1909f56bfc062723c751e8b465ee728b)
Start importing Assets/flappy-bird-assets-master/sprites/bluebird-upflap.png using Guid(56589aa08455dda42a8ead8defb542e8) Importer(815301076,1909f56bfc062723c751e8b465ee728b)  -> (artifact id: '8dec8a3bb20987a19f1fe767f0aa41a4') in 0.081332 seconds 
  Import took 0.098206 seconds .

========================================================================
Received Import Request.
  Time since last request: 0.000650 seconds.
  path: Assets/flappy-bird-assets-master/sprites/2.png
  artifactKey: Guid(e2c341e2568ca3d46b118520a77355d6) Importer(815301076,1909f56bfc062723c751e8b465ee728b)
Start importing Assets/flappy-bird-assets-master/sprites/2.png using Guid(e2c341e2568ca3d46b118520a77355d6) Importer(815301076,1909f56bfc062723c751e8b465ee728b)  -> (artifact id: '52d98d6593fe88211c13c7e340bb2ee9') in 0.038363 seconds 
  Import took 0.046526 seconds .

========================================================================
Received Import Request.
  Time since last request: 0.000854 seconds.
  path: Assets/flappy-bird-assets-master/sprites/redbird-upflap.png
  artifactKey: Guid(9d6af9115f4177d41a8b1cc1c8ad20ce) Importer(815301076,1909f56bfc062723c751e8b465ee728b)
Start importing Assets/flappy-bird-assets-master/sprites/redbird-upflap.png using Guid(9d6af9115f4177d41a8b1cc1c8ad20ce) Importer(815301076,1909f56bfc062723c751e8b465ee728b)  -> (artifact id: '649fe1e5bd9a447a5a902c3f76b5cb8e') in 0.053816 seconds 
  Import took 0.066958 seconds .

========================================================================
Received Import Request.
  Time since last request: 0.001638 seconds.
  path: Assets/flappy-bird-assets-master/sprites/redbird-downflap.png
  artifactKey: Guid(4ec91ef48250f4c46b87de2e63d0b250) Importer(815301076,1909f56bfc062723c751e8b465ee728b)
Start importing Assets/flappy-bird-assets-master/sprites/redbird-downflap.png using Guid(4ec91ef48250f4c46b87de2e63d0b250) Importer(815301076,1909f56bfc062723c751e8b465ee728b)  -> (artifact id: '5a58d42caf04645b1eed60e8a623519d') in 0.088386 seconds 
  Import took 0.114900 seconds .

========================================================================
Received Import Request.
  Time since last request: 0.000652 seconds.
  path: Assets/flappy-bird-assets-master/sprites/8.png
  artifactKey: Guid(33ce0f22aec0b6f44b94d70769b5d790) Importer(815301076,1909f56bfc062723c751e8b465ee728b)
Start importing Assets/flappy-bird-assets-master/sprites/8.png using Guid(33ce0f22aec0b6f44b94d70769b5d790) Importer(815301076,1909f56bfc062723c751e8b465ee728b)  -> (artifact id: '9a7fac7f01fa6a36eae116d79865039d') in 0.049108 seconds 
  Import took 0.067934 seconds .

========================================================================
Received Import Request.
  Time since last request: 0.000854 seconds.
  path: Assets/flappy-bird-assets-master/sprites/bluebird-downflap.png
  artifactKey: Guid(57be70afbcffa5445a3a82714d38c0e7) Importer(815301076,1909f56bfc062723c751e8b465ee728b)
Start importing Assets/flappy-bird-assets-master/sprites/bluebird-downflap.png using Guid(57be70afbcffa5445a3a82714d38c0e7) Importer(815301076,1909f56bfc062723c751e8b465ee728b)  -> (artifact id: 'b685775d86f1864d20c22a22f154b051') in 0.037911 seconds 
  Import took 0.044165 seconds .

========================================================================
Received Import Request.
  Time since last request: 0.000882 seconds.
  path: Assets/flappy-bird-assets-master/sprites/7.png
  artifactKey: Guid(0dea7d66e2f373d43ac791eb9432bf28) Importer(815301076,1909f56bfc062723c751e8b465ee728b)
Start importing Assets/flappy-bird-assets-master/sprites/7.png using Guid(0dea7d66e2f373d43ac791eb9432bf28) Importer(815301076,1909f56bfc062723c751e8b465ee728b)  -> (artifact id: 'ecc726f3b46043a8ad17149ac1508cd5') in 0.042782 seconds 
  Import took 0.049979 seconds .

========================================================================
Received Import Request.
  Time since last request: 0.000610 seconds.
  path: Assets/flappy-bird-assets-master/sprites/6.png
  artifactKey: Guid(7a5562a9e01bce34d8f925cf0eee8a91) Importer(815301076,1909f56bfc062723c751e8b465ee728b)
Start importing Assets/flappy-bird-assets-master/sprites/6.png using Guid(7a5562a9e01bce34d8f925cf0eee8a91) Importer(815301076,1909f56bfc062723c751e8b465ee728b)  -> (artifact id: '233d9521e82f9ebeaae8cb1b3a5fbdfc') in 0.090992 seconds 
  Import took 0.107204 seconds .

========================================================================
Received Import Request.
  Time since last request: 0.000813 seconds.
  path: Assets/flappy-bird-assets-master/sprites/5.png
  artifactKey: Guid(85b6ea954696a7f419f3074b1ace8095) Importer(815301076,1909f56bfc062723c751e8b465ee728b)
Start importing Assets/flappy-bird-assets-master/sprites/5.png using Guid(85b6ea954696a7f419f3074b1ace8095) Importer(815301076,1909f56bfc062723c751e8b465ee728b)  -> (artifact id: 'cccdb6fb7af581c5ca4e3797c64de67c') in 0.070948 seconds 
  Import took 0.086903 seconds .

========================================================================
Received Import Request.
  Time since last request: 7.969811 seconds.
  path: Assets/flappy-bird-assets-master/sprites/0.png
  artifactKey: Guid(9e689d9865361f8418c1c4a4128dbbef) Importer(815301076,1909f56bfc062723c751e8b465ee728b)
Start importing Assets/flappy-bird-assets-master/sprites/0.png using Guid(9e689d9865361f8418c1c4a4128dbbef) Importer(815301076,1909f56bfc062723c751e8b465ee728b)  -> (artifact id: '68cf605e9735f66ecb8b6647160abc3d') in 0.031811 seconds 
  Import took 0.039407 seconds .

========================================================================
Received Import Request.
  Time since last request: 0.000621 seconds.
  path: Assets/flappy-bird-assets-master/sprites/pipe-red.png
  artifactKey: Guid(71f1c329f33814245bd1858c8dbf3999) Importer(815301076,1909f56bfc062723c751e8b465ee728b)
Start importing Assets/flappy-bird-assets-master/sprites/pipe-red.png using Guid(71f1c329f33814245bd1858c8dbf3999) Importer(815301076,1909f56bfc062723c751e8b465ee728b)  -> (artifact id: 'fe8fa5d3fdf3a7b49c2d44136e1d9eb7') in 0.036165 seconds 
  Import took 0.042420 seconds .

========================================================================
Received Import Request.
  Time since last request: 0.000547 seconds.
  path: Assets/flappy-bird-assets-master/sprites/background-day.png
  artifactKey: Guid(403c92a1a981636499770eef6506f5ba) Importer(815301076,1909f56bfc062723c751e8b465ee728b)
Start importing Assets/flappy-bird-assets-master/sprites/background-day.png using Guid(403c92a1a981636499770eef6506f5ba) Importer(815301076,1909f56bfc062723c751e8b465ee728b)  -> (artifact id: 'dbb2cff7752dd8644607c76c4157104f') in 0.038499 seconds 
  Import took 0.044219 seconds .

========================================================================
Received Import Request.
  Time since last request: 0.000613 seconds.
  path: Assets/flappy-bird-assets-master/sprites/gameover.png
  artifactKey: Guid(f60a04bc18a20144a80ad6de36317fad) Importer(815301076,1909f56bfc062723c751e8b465ee728b)
Start importing Assets/flappy-bird-assets-master/sprites/gameover.png using Guid(f60a04bc18a20144a80ad6de36317fad) Importer(815301076,1909f56bfc062723c751e8b465ee728b)  -> (artifact id: 'db917e392ba5ef1bab9f6bf6d0cd816f') in 0.034891 seconds 
  Import took 0.041642 seconds .

========================================================================
Received Import Request.
  Time since last request: 0.000696 seconds.
  path: Assets/flappy-bird-assets-master/sprites/1.png
  artifactKey: Guid(ffa2480b955d2b14799214f512923bc9) Importer(815301076,1909f56bfc062723c751e8b465ee728b)
Start importing Assets/flappy-bird-assets-master/sprites/1.png using Guid(ffa2480b955d2b14799214f512923bc9) Importer(815301076,1909f56bfc062723c751e8b465ee728b)  -> (artifact id: '52976e77c107f888cf919d46c9492100') in 0.028817 seconds 
  Import took 0.038471 seconds .

========================================================================
Received Import Request.
  Time since last request: 0.000665 seconds.
  path: Assets/flappy-bird-assets-master/sprites/yellowbird-downflap.png
  artifactKey: Guid(22521e39a1cc33f4193a704bbce87fde) Importer(815301076,1909f56bfc062723c751e8b465ee728b)
Start importing Assets/flappy-bird-assets-master/sprites/yellowbird-downflap.png using Guid(22521e39a1cc33f4193a704bbce87fde) Importer(815301076,1909f56bfc062723c751e8b465ee728b)  -> (artifact id: '71c3f1478ff221b8320b2c2b33af41d4') in 0.030006 seconds 
  Import took 0.037053 seconds .

========================================================================
Received Import Request.
  Time since last request: 0.000589 seconds.
  path: Assets/flappy-bird-assets-master/sprites/redbird-midflap.png
  artifactKey: Guid(ab2cc63dea6066f4ea6ffb97da073733) Importer(815301076,1909f56bfc062723c751e8b465ee728b)
Start importing Assets/flappy-bird-assets-master/sprites/redbird-midflap.png using Guid(ab2cc63dea6066f4ea6ffb97da073733) Importer(815301076,1909f56bfc062723c751e8b465ee728b)  -> (artifact id: '77137b8b3a9340bc7f588968fec8fc3c') in 0.029971 seconds 
  Import took 0.035990 seconds .

========================================================================
Received Import Request.
  Time since last request: 0.000547 seconds.
  path: Assets/flappy-bird-assets-master/sprites/yellowbird-midflap.png
  artifactKey: Guid(4fd6f41229bfc7649a8a48d076911313) Importer(815301076,1909f56bfc062723c751e8b465ee728b)
Start importing Assets/flappy-bird-assets-master/sprites/yellowbird-midflap.png using Guid(4fd6f41229bfc7649a8a48d076911313) Importer(815301076,1909f56bfc062723c751e8b465ee728b)  -> (artifact id: 'd265fc2241c05b13ab1c384cd32edfa3') in 0.028928 seconds 
  Import took 0.034602 seconds .

========================================================================
Received Import Request.
  Time since last request: 0.000883 seconds.
  path: Assets/flappy-bird-assets-master/sprites/3.png
  artifactKey: Guid(3e9f9768f9c1ec44880746c9b0547be3) Importer(815301076,1909f56bfc062723c751e8b465ee728b)
Start importing Assets/flappy-bird-assets-master/sprites/3.png using Guid(3e9f9768f9c1ec44880746c9b0547be3) Importer(815301076,1909f56bfc062723c751e8b465ee728b)  -> (artifact id: '0e72b17a8af19bb064be7cd68abebe64') in 0.031054 seconds 
  Import took 0.038045 seconds .

========================================================================
Received Import Request.
  Time since last request: 0.000668 seconds.
  path: Assets/flappy-bird-assets-master/sprites/4.png
  artifactKey: Guid(eca10895e7484a440b40848d30298809) Importer(815301076,1909f56bfc062723c751e8b465ee728b)
Start importing Assets/flappy-bird-assets-master/sprites/4.png using Guid(eca10895e7484a440b40848d30298809) Importer(815301076,1909f56bfc062723c751e8b465ee728b)  -> (artifact id: 'f0af7d73ed6621f9defa3bd57795257e') in 0.031667 seconds 
  Import took 0.037707 seconds .

========================================================================
Received Import Request.
  Time since last request: 0.000711 seconds.
  path: Assets/flappy-bird-assets-master/sprites/base.png
  artifactKey: Guid(5a6a4b1cf57526a4ebf1b39950e2baf0) Importer(815301076,1909f56bfc062723c751e8b465ee728b)
Start importing Assets/flappy-bird-assets-master/sprites/base.png using Guid(5a6a4b1cf57526a4ebf1b39950e2baf0) Importer(815301076,1909f56bfc062723c751e8b465ee728b)  -> (artifact id: 'eddc6288836fefdf197c19eb690d52ef') in 0.055847 seconds 
  Import took 0.063309 seconds .

========================================================================
Received Import Request.
  Time since last request: 0.000814 seconds.
  path: Assets/flappy-bird-assets-master/sprites/message.png
  artifactKey: Guid(ef9f81e1c235c5746b6206a46ce89920) Importer(815301076,1909f56bfc062723c751e8b465ee728b)
Start importing Assets/flappy-bird-assets-master/sprites/message.png using Guid(ef9f81e1c235c5746b6206a46ce89920) Importer(815301076,1909f56bfc062723c751e8b465ee728b)  -> (artifact id: 'b325f9b7b8c3efda15de8a1f0aa1e55c') in 0.051300 seconds 
  Import took 0.061505 seconds .

========================================================================
Received Import Request.
  Time since last request: 0.000699 seconds.
  path: Assets/flappy-bird-assets-master/sprites/9.png
  artifactKey: Guid(90df6d465e7db734db3eba8a64b05e32) Importer(815301076,1909f56bfc062723c751e8b465ee728b)
Start importing Assets/flappy-bird-assets-master/sprites/9.png using Guid(90df6d465e7db734db3eba8a64b05e32) Importer(815301076,1909f56bfc062723c751e8b465ee728b)  -> (artifact id: '71743423071de408cbfbf5a9571044a3') in 0.055045 seconds 
  Import took 0.063002 seconds .

========================================================================
Received Import Request.
  Time since last request: 0.000612 seconds.
  path: Assets/flappy-bird-assets-master/sprites/background-night.png
  artifactKey: Guid(b5825de7ccd76fe4180fc97433654017) Importer(815301076,1909f56bfc062723c751e8b465ee728b)
Start importing Assets/flappy-bird-assets-master/sprites/background-night.png using Guid(b5825de7ccd76fe4180fc97433654017) Importer(815301076,1909f56bfc062723c751e8b465ee728b)  -> (artifact id: '97c7d64607f135dd0fdde4d8635fd35a') in 0.047188 seconds 
  Import took 0.054499 seconds .

========================================================================
Received Import Request.
  Time since last request: 0.000710 seconds.
  path: Assets/flappy-bird-assets-master/sprites/bluebird-midflap.png
  artifactKey: Guid(5832e8c1c797ca34ea368f1ba4f21c6d) Importer(815301076,1909f56bfc062723c751e8b465ee728b)
Start importing Assets/flappy-bird-assets-master/sprites/bluebird-midflap.png using Guid(5832e8c1c797ca34ea368f1ba4f21c6d) Importer(815301076,1909f56bfc062723c751e8b465ee728b)  -> (artifact id: '85097a069972d1d163c136bae65180e5') in 0.035759 seconds 
  Import took 0.044444 seconds .

========================================================================
Received Import Request.
  Time since last request: 0.000548 seconds.
  path: Assets/flappy-bird-assets-master/sprites/yellowbird-upflap.png
  artifactKey: Guid(18758213ee02b334eb162be362c630c3) Importer(815301076,1909f56bfc062723c751e8b465ee728b)
Start importing Assets/flappy-bird-assets-master/sprites/yellowbird-upflap.png using Guid(18758213ee02b334eb162be362c630c3) Importer(815301076,1909f56bfc062723c751e8b465ee728b)  -> (artifact id: '6747d8d7eef7740c957cba175fed0cb1') in 0.045320 seconds 
  Import took 0.053038 seconds .

========================================================================
Received Import Request.
  Time since last request: 0.000602 seconds.
  path: Assets/flappy-bird-assets-master/sprites/pipe-green.png
  artifactKey: Guid(f675370990935c34b9c94b94d1f3dc40) Importer(815301076,1909f56bfc062723c751e8b465ee728b)
Start importing Assets/flappy-bird-assets-master/sprites/pipe-green.png using Guid(f675370990935c34b9c94b94d1f3dc40) Importer(815301076,1909f56bfc062723c751e8b465ee728b)  -> (artifact id: 'b5fbd21624997e5bf9b402c90a53fe7a') in 0.067433 seconds 
  Import took 0.074170 seconds .

========================================================================
Received Import Request.
  Time since last request: 0.002222 seconds.
  path: Assets/flappy-bird-assets-master/sprites/bluebird-upflap.png
  artifactKey: Guid(56589aa08455dda42a8ead8defb542e8) Importer(815301076,1909f56bfc062723c751e8b465ee728b)
Start importing Assets/flappy-bird-assets-master/sprites/bluebird-upflap.png using Guid(56589aa08455dda42a8ead8defb542e8) Importer(815301076,1909f56bfc062723c751e8b465ee728b)  -> (artifact id: '93ae384e00a6e96460e5605ee4b306aa') in 0.051514 seconds 
  Import took 0.060265 seconds .

========================================================================
Received Import Request.
  Time since last request: 0.000763 seconds.
  path: Assets/flappy-bird-assets-master/sprites/2.png
  artifactKey: Guid(e2c341e2568ca3d46b118520a77355d6) Importer(815301076,1909f56bfc062723c751e8b465ee728b)
Start importing Assets/flappy-bird-assets-master/sprites/2.png using Guid(e2c341e2568ca3d46b118520a77355d6) Importer(815301076,1909f56bfc062723c751e8b465ee728b)  -> (artifact id: '24395cc7bc27cc59d1d617a8e05cf25a') in 0.047135 seconds 
  Import took 0.056140 seconds .

========================================================================
Received Import Request.
  Time since last request: 0.000581 seconds.
  path: Assets/flappy-bird-assets-master/sprites/redbird-upflap.png
  artifactKey: Guid(9d6af9115f4177d41a8b1cc1c8ad20ce) Importer(815301076,1909f56bfc062723c751e8b465ee728b)
Start importing Assets/flappy-bird-assets-master/sprites/redbird-upflap.png using Guid(9d6af9115f4177d41a8b1cc1c8ad20ce) Importer(815301076,1909f56bfc062723c751e8b465ee728b)  -> (artifact id: '0fd21011b20810f6b930baaadaab0758') in 0.051964 seconds 
  Import took 0.060480 seconds .

========================================================================
Received Import Request.
  Time since last request: 0.001190 seconds.
  path: Assets/flappy-bird-assets-master/sprites/redbird-downflap.png
  artifactKey: Guid(4ec91ef48250f4c46b87de2e63d0b250) Importer(815301076,1909f56bfc062723c751e8b465ee728b)
Start importing Assets/flappy-bird-assets-master/sprites/redbird-downflap.png using Guid(4ec91ef48250f4c46b87de2e63d0b250) Importer(815301076,1909f56bfc062723c751e8b465ee728b)  -> (artifact id: '23d419ac6371cd3c55761596eba4cbc6') in 0.061742 seconds 
  Import took 0.073397 seconds .

========================================================================
Received Import Request.
  Time since last request: 0.000748 seconds.
  path: Assets/flappy-bird-assets-master/sprites/8.png
  artifactKey: Guid(33ce0f22aec0b6f44b94d70769b5d790) Importer(815301076,1909f56bfc062723c751e8b465ee728b)
Start importing Assets/flappy-bird-assets-master/sprites/8.png using Guid(33ce0f22aec0b6f44b94d70769b5d790) Importer(815301076,1909f56bfc062723c751e8b465ee728b)  -> (artifact id: 'ed80146fd610a42d690214858954d583') in 0.052471 seconds 
  Import took 0.062947 seconds .

========================================================================
Received Import Request.
  Time since last request: 0.000703 seconds.
  path: Assets/flappy-bird-assets-master/sprites/bluebird-downflap.png
  artifactKey: Guid(57be70afbcffa5445a3a82714d38c0e7) Importer(815301076,1909f56bfc062723c751e8b465ee728b)
Start importing Assets/flappy-bird-assets-master/sprites/bluebird-downflap.png using Guid(57be70afbcffa5445a3a82714d38c0e7) Importer(815301076,1909f56bfc062723c751e8b465ee728b)  -> (artifact id: '1e01fa4cbfd5524f753160a71981c0fc') in 0.065581 seconds 
  Import took 0.073794 seconds .

========================================================================
Received Import Request.
  Time since last request: 0.000616 seconds.
  path: Assets/flappy-bird-assets-master/sprites/7.png
  artifactKey: Guid(0dea7d66e2f373d43ac791eb9432bf28) Importer(815301076,1909f56bfc062723c751e8b465ee728b)
Start importing Assets/flappy-bird-assets-master/sprites/7.png using Guid(0dea7d66e2f373d43ac791eb9432bf28) Importer(815301076,1909f56bfc062723c751e8b465ee728b)  -> (artifact id: 'a35e45c6e3453934f42d0e8506cc4e2f') in 0.055356 seconds 
  Import took 0.063190 seconds .

========================================================================
Received Import Request.
  Time since last request: 0.000672 seconds.
  path: Assets/flappy-bird-assets-master/sprites/6.png
  artifactKey: Guid(7a5562a9e01bce34d8f925cf0eee8a91) Importer(815301076,1909f56bfc062723c751e8b465ee728b)
Start importing Assets/flappy-bird-assets-master/sprites/6.png using Guid(7a5562a9e01bce34d8f925cf0eee8a91) Importer(815301076,1909f56bfc062723c751e8b465ee728b)  -> (artifact id: 'f4bf1eb8dba045580fec80183d1a0a88') in 0.046373 seconds 
  Import took 0.055441 seconds .

========================================================================
Received Import Request.
  Time since last request: 0.000631 seconds.
  path: Assets/flappy-bird-assets-master/sprites/5.png
  artifactKey: Guid(85b6ea954696a7f419f3074b1ace8095) Importer(815301076,1909f56bfc062723c751e8b465ee728b)
Start importing Assets/flappy-bird-assets-master/sprites/5.png using Guid(85b6ea954696a7f419f3074b1ace8095) Importer(815301076,1909f56bfc062723c751e8b465ee728b)  -> (artifact id: '335de1ca8bf3896309713d3fb34e2911') in 0.049514 seconds 
  Import took 0.060504 seconds .

========================================================================
Received Import Request.
  Time since last request: 111.033571 seconds.
  path: ProjectSettings/TagManager.asset
  artifactKey: Guid(00000000000000003000000000000000) Importer(815301076,1909f56bfc062723c751e8b465ee728b)
Start importing ProjectSettings/TagManager.asset using Guid(00000000000000003000000000000000) Importer(815301076,1909f56bfc062723c751e8b465ee728b)  -> (artifact id: '95df672b4aaba54310d34c83eef51bb8') in 0.025601 seconds 
  Import took 0.032250 seconds .

AssetImportWorkerClient::OnTransportError - code=2 error=End of file
